<?xml version="1.0" encoding="UTF-8"?>
<testsuite xmlns:xsi="http://www.w3.org/2001/XMLSchema-instance" xsi:noNamespaceSchemaLocation="https://maven.apache.org/surefire/maven-surefire-plugin/xsd/surefire-test-report-3.0.xsd" version="3.0" name="com.example.hr_system.HrSystemApplicationTests" time="11.212" tests="1" errors="0" skipped="0" failures="0">
  <properties>
    <property name="java.specification.version" value="17"/>
    <property name="sun.jnu.encoding" value="UTF-8"/>
    <property name="java.class.path" value="/Users/bambook/Desktop/deploy/hr_system_back/target/test-classes:/Users/bambook/Desktop/deploy/hr_system_back/target/classes:/Users/bambook/.m2/repository/com/amazonaws/aws-java-sdk-s3/1.12.517/aws-java-sdk-s3-1.12.517.jar:/Users/bambook/.m2/repository/com/amazonaws/aws-java-sdk-kms/1.12.517/aws-java-sdk-kms-1.12.517.jar:/Users/bambook/.m2/repository/com/amazonaws/jmespath-java/1.12.517/jmespath-java-1.12.517.jar:/Users/bambook/.m2/repository/com/amazonaws/aws-java-sdk-core/1.12.518/aws-java-sdk-core-1.12.518.jar:/Users/bambook/.m2/repository/commons-logging/commons-logging/1.1.3/commons-logging-1.1.3.jar:/Users/bambook/.m2/repository/commons-codec/commons-codec/1.15/commons-codec-1.15.jar:/Users/bambook/.m2/repository/org/apache/httpcomponents/httpclient/4.5.13/httpclient-4.5.13.jar:/Users/bambook/.m2/repository/org/apache/httpcomponents/httpcore/4.4.16/httpcore-4.4.16.jar:/Users/bambook/.m2/repository/software/amazon/ion/ion-java/1.0.2/ion-java-1.0.2.jar:/Users/bambook/.m2/repository/com/fasterxml/jackson/core/jackson-databind/2.15.2/jackson-databind-2.15.2.jar:/Users/bambook/.m2/repository/com/fasterxml/jackson/core/jackson-annotations/2.15.2/jackson-annotations-2.15.2.jar:/Users/bambook/.m2/repository/com/fasterxml/jackson/core/jackson-core/2.15.2/jackson-core-2.15.2.jar:/Users/bambook/.m2/repository/com/fasterxml/jackson/dataformat/jackson-dataformat-cbor/2.15.2/jackson-dataformat-cbor-2.15.2.jar:/Users/bambook/.m2/repository/joda-time/joda-time/2.8.1/joda-time-2.8.1.jar:/Users/bambook/.m2/repository/software/amazon/awssdk/s3/2.16.42/s3-2.16.42.jar:/Users/bambook/.m2/repository/software/amazon/awssdk/aws-xml-protocol/2.16.42/aws-xml-protocol-2.16.42.jar:/Users/bambook/.m2/repository/software/amazon/awssdk/aws-query-protocol/2.16.42/aws-query-protocol-2.16.42.jar:/Users/bambook/.m2/repository/software/amazon/awssdk/protocol-core/2.16.42/protocol-core-2.16.42.jar:/Users/bambook/.m2/repository/software/amazon/awssdk/arns/2.16.42/arns-2.16.42.jar:/Users/bambook/.m2/repository/software/amazon/awssdk/profiles/2.16.42/profiles-2.16.42.jar:/Users/bambook/.m2/repository/software/amazon/awssdk/sdk-core/2.16.42/sdk-core-2.16.42.jar:/Users/bambook/.m2/repository/org/reactivestreams/reactive-streams/1.0.4/reactive-streams-1.0.4.jar:/Users/bambook/.m2/repository/software/amazon/awssdk/auth/2.16.42/auth-2.16.42.jar:/Users/bambook/.m2/repository/software/amazon/eventstream/eventstream/1.0.1/eventstream-1.0.1.jar:/Users/bambook/.m2/repository/software/amazon/awssdk/http-client-spi/2.16.42/http-client-spi-2.16.42.jar:/Users/bambook/.m2/repository/software/amazon/awssdk/regions/2.16.42/regions-2.16.42.jar:/Users/bambook/.m2/repository/software/amazon/awssdk/annotations/2.16.42/annotations-2.16.42.jar:/Users/bambook/.m2/repository/software/amazon/awssdk/utils/2.16.42/utils-2.16.42.jar:/Users/bambook/.m2/repository/software/amazon/awssdk/aws-core/2.16.42/aws-core-2.16.42.jar:/Users/bambook/.m2/repository/software/amazon/awssdk/metrics-spi/2.16.42/metrics-spi-2.16.42.jar:/Users/bambook/.m2/repository/software/amazon/awssdk/apache-client/2.16.42/apache-client-2.16.42.jar:/Users/bambook/.m2/repository/software/amazon/awssdk/netty-nio-client/2.16.42/netty-nio-client-2.16.42.jar:/Users/bambook/.m2/repository/io/netty/netty-codec-http/4.1.94.Final/netty-codec-http-4.1.94.Final.jar:/Users/bambook/.m2/repository/io/netty/netty-codec-http2/4.1.94.Final/netty-codec-http2-4.1.94.Final.jar:/Users/bambook/.m2/repository/io/netty/netty-codec/4.1.94.Final/netty-codec-4.1.94.Final.jar:/Users/bambook/.m2/repository/io/netty/netty-transport/4.1.94.Final/netty-transport-4.1.94.Final.jar:/Users/bambook/.m2/repository/io/netty/netty-resolver/4.1.94.Final/netty-resolver-4.1.94.Final.jar:/Users/bambook/.m2/repository/io/netty/netty-common/4.1.94.Final/netty-common-4.1.94.Final.jar:/Users/bambook/.m2/repository/io/netty/netty-buffer/4.1.94.Final/netty-buffer-4.1.94.Final.jar:/Users/bambook/.m2/repository/io/netty/netty-handler/4.1.94.Final/netty-handler-4.1.94.Final.jar:/Users/bambook/.m2/repository/io/netty/netty-transport-native-unix-common/4.1.94.Final/netty-transport-native-unix-common-4.1.94.Final.jar:/Users/bambook/.m2/repository/io/netty/netty-transport-native-epoll/4.1.94.Final/netty-transport-native-epoll-4.1.94.Final-linux-x86_64.jar:/Users/bambook/.m2/repository/io/netty/netty-transport-classes-epoll/4.1.94.Final/netty-transport-classes-epoll-4.1.94.Final.jar:/Users/bambook/.m2/repository/com/typesafe/netty/netty-reactive-streams-http/2.0.4/netty-reactive-streams-http-2.0.4.jar:/Users/bambook/.m2/repository/com/typesafe/netty/netty-reactive-streams/2.0.4/netty-reactive-streams-2.0.4.jar:/Users/bambook/.m2/repository/org/springframework/boot/spring-boot-starter-security/3.1.1/spring-boot-starter-security-3.1.1.jar:/Users/bambook/.m2/repository/org/springframework/boot/spring-boot-starter/3.1.1/spring-boot-starter-3.1.1.jar:/Users/bambook/.m2/repository/org/springframework/boot/spring-boot/3.1.1/spring-boot-3.1.1.jar:/Users/bambook/.m2/repository/org/springframework/boot/spring-boot-autoconfigure/3.1.1/spring-boot-autoconfigure-3.1.1.jar:/Users/bambook/.m2/repository/org/springframework/boot/spring-boot-starter-logging/3.1.1/spring-boot-starter-logging-3.1.1.jar:/Users/bambook/.m2/repository/ch/qos/logback/logback-classic/1.4.8/logback-classic-1.4.8.jar:/Users/bambook/.m2/repository/ch/qos/logback/logback-core/1.4.8/logback-core-1.4.8.jar:/Users/bambook/.m2/repository/org/apache/logging/log4j/log4j-to-slf4j/2.20.0/log4j-to-slf4j-2.20.0.jar:/Users/bambook/.m2/repository/org/apache/logging/log4j/log4j-api/2.20.0/log4j-api-2.20.0.jar:/Users/bambook/.m2/repository/org/slf4j/jul-to-slf4j/2.0.7/jul-to-slf4j-2.0.7.jar:/Users/bambook/.m2/repository/jakarta/annotation/jakarta.annotation-api/2.1.1/jakarta.annotation-api-2.1.1.jar:/Users/bambook/.m2/repository/org/yaml/snakeyaml/1.33/snakeyaml-1.33.jar:/Users/bambook/.m2/repository/org/springframework/spring-aop/6.0.10/spring-aop-6.0.10.jar:/Users/bambook/.m2/repository/org/springframework/spring-beans/6.0.10/spring-beans-6.0.10.jar:/Users/bambook/.m2/repository/org/springframework/security/spring-security-config/6.1.1/spring-security-config-6.1.1.jar:/Users/bambook/.m2/repository/org/springframework/spring-context/6.0.10/spring-context-6.0.10.jar:/Users/bambook/.m2/repository/org/springframework/security/spring-security-web/6.1.1/spring-security-web-6.1.1.jar:/Users/bambook/.m2/repository/org/springframework/spring-expression/6.0.10/spring-expression-6.0.10.jar:/Users/bambook/.m2/repository/org/springframework/security/spring-security-test/6.1.1/spring-security-test-6.1.1.jar:/Users/bambook/.m2/repository/org/springframework/security/spring-security-core/6.1.1/spring-security-core-6.1.1.jar:/Users/bambook/.m2/repository/org/springframework/security/spring-security-crypto/6.1.1/spring-security-crypto-6.1.1.jar:/Users/bambook/.m2/repository/io/micrometer/micrometer-observation/1.11.1/micrometer-observation-1.11.1.jar:/Users/bambook/.m2/repository/io/micrometer/micrometer-commons/1.11.1/micrometer-commons-1.11.1.jar:/Users/bambook/.m2/repository/org/springframework/spring-core/6.0.10/spring-core-6.0.10.jar:/Users/bambook/.m2/repository/org/springframework/spring-jcl/6.0.10/spring-jcl-6.0.10.jar:/Users/bambook/.m2/repository/org/springframework/spring-test/6.0.10/spring-test-6.0.10.jar:/Users/bambook/.m2/repository/org/springframework/boot/spring-boot-starter-oauth2-client/3.1.1/spring-boot-starter-oauth2-client-3.1.1.jar:/Users/bambook/.m2/repository/org/springframework/security/spring-security-oauth2-client/6.1.1/spring-security-oauth2-client-6.1.1.jar:/Users/bambook/.m2/repository/org/springframework/security/spring-security-oauth2-core/6.1.1/spring-security-oauth2-core-6.1.1.jar:/Users/bambook/.m2/repository/com/nimbusds/oauth2-oidc-sdk/9.43.3/oauth2-oidc-sdk-9.43.3.jar:/Users/bambook/.m2/repository/com/github/stephenc/jcip/jcip-annotations/1.0-1/jcip-annotations-1.0-1.jar:/Users/bambook/.m2/repository/com/nimbusds/content-type/2.2/content-type-2.2.jar:/Users/bambook/.m2/repository/com/nimbusds/lang-tag/1.7/lang-tag-1.7.jar:/Users/bambook/.m2/repository/org/springframework/security/spring-security-oauth2-jose/6.1.1/spring-security-oauth2-jose-6.1.1.jar:/Users/bambook/.m2/repository/com/nimbusds/nimbus-jose-jwt/9.31/nimbus-jose-jwt-9.31.jar:/Users/bambook/.m2/repository/org/springframework/boot/spring-boot-starter-oauth2-resource-server/3.1.1/spring-boot-starter-oauth2-resource-server-3.1.1.jar:/Users/bambook/.m2/repository/org/springframework/security/spring-security-oauth2-resource-server/6.1.1/spring-security-oauth2-resource-server-6.1.1.jar:/Users/bambook/.m2/repository/io/jsonwebtoken/jjwt-api/0.11.5/jjwt-api-0.11.5.jar:/Users/bambook/.m2/repository/io/jsonwebtoken/jjwt-impl/0.11.5/jjwt-impl-0.11.5.jar:/Users/bambook/.m2/repository/io/jsonwebtoken/jjwt-jackson/0.11.5/jjwt-jackson-0.11.5.jar:/Users/bambook/.m2/repository/org/springframework/boot/spring-boot-starter-data-jpa/3.1.1/spring-boot-starter-data-jpa-3.1.1.jar:/Users/bambook/.m2/repository/org/springframework/boot/spring-boot-starter-aop/3.1.1/spring-boot-starter-aop-3.1.1.jar:/Users/bambook/.m2/repository/org/aspectj/aspectjweaver/1.9.19/aspectjweaver-1.9.19.jar:/Users/bambook/.m2/repository/org/springframework/boot/spring-boot-starter-jdbc/3.1.1/spring-boot-starter-jdbc-3.1.1.jar:/Users/bambook/.m2/repository/com/zaxxer/HikariCP/5.0.1/HikariCP-5.0.1.jar:/Users/bambook/.m2/repository/org/springframework/spring-jdbc/6.0.10/spring-jdbc-6.0.10.jar:/Users/bambook/.m2/repository/org/springframework/data/spring-data-jpa/3.1.1/spring-data-jpa-3.1.1.jar:/Users/bambook/.m2/repository/org/springframework/data/spring-data-commons/3.1.1/spring-data-commons-3.1.1.jar:/Users/bambook/.m2/repository/org/springframework/spring-orm/6.0.10/spring-orm-6.0.10.jar:/Users/bambook/.m2/repository/org/springframework/spring-tx/6.0.10/spring-tx-6.0.10.jar:/Users/bambook/.m2/repository/org/springframework/spring-aspects/6.0.10/spring-aspects-6.0.10.jar:/Users/bambook/.m2/repository/org/springframework/boot/spring-boot-starter-web/3.1.1/spring-boot-starter-web-3.1.1.jar:/Users/bambook/.m2/repository/org/springframework/boot/spring-boot-starter-json/3.1.1/spring-boot-starter-json-3.1.1.jar:/Users/bambook/.m2/repository/com/fasterxml/jackson/datatype/jackson-datatype-jdk8/2.15.2/jackson-datatype-jdk8-2.15.2.jar:/Users/bambook/.m2/repository/com/fasterxml/jackson/datatype/jackson-datatype-jsr310/2.15.2/jackson-datatype-jsr310-2.15.2.jar:/Users/bambook/.m2/repository/com/fasterxml/jackson/module/jackson-module-parameter-names/2.15.2/jackson-module-parameter-names-2.15.2.jar:/Users/bambook/.m2/repository/org/springframework/boot/spring-boot-starter-tomcat/3.1.1/spring-boot-starter-tomcat-3.1.1.jar:/Users/bambook/.m2/repository/org/apache/tomcat/embed/tomcat-embed-core/10.1.10/tomcat-embed-core-10.1.10.jar:/Users/bambook/.m2/repository/org/apache/tomcat/embed/tomcat-embed-websocket/10.1.10/tomcat-embed-websocket-10.1.10.jar:/Users/bambook/.m2/repository/org/springframework/spring-web/6.0.10/spring-web-6.0.10.jar:/Users/bambook/.m2/repository/org/springframework/spring-webmvc/6.0.10/spring-webmvc-6.0.10.jar:/Users/bambook/.m2/repository/io/springfox/springfox-swagger2/2.4.0/springfox-swagger2-2.4.0.jar:/Users/bambook/.m2/repository/io/swagger/swagger-annotations/1.5.6/swagger-annotations-1.5.6.jar:/Users/bambook/.m2/repository/io/swagger/swagger-models/1.5.6/swagger-models-1.5.6.jar:/Users/bambook/.m2/repository/io/springfox/springfox-spi/2.4.0/springfox-spi-2.4.0.jar:/Users/bambook/.m2/repository/io/springfox/springfox-core/2.4.0/springfox-core-2.4.0.jar:/Users/bambook/.m2/repository/io/springfox/springfox-schema/2.4.0/springfox-schema-2.4.0.jar:/Users/bambook/.m2/repository/io/springfox/springfox-swagger-common/2.4.0/springfox-swagger-common-2.4.0.jar:/Users/bambook/.m2/repository/io/springfox/springfox-spring-web/2.4.0/springfox-spring-web-2.4.0.jar:/Users/bambook/.m2/repository/com/google/guava/guava/18.0/guava-18.0.jar:/Users/bambook/.m2/repository/com/fasterxml/classmate/1.5.1/classmate-1.5.1.jar:/Users/bambook/.m2/repository/org/slf4j/slf4j-api/2.0.7/slf4j-api-2.0.7.jar:/Users/bambook/.m2/repository/org/springframework/plugin/spring-plugin-core/1.2.0.RELEASE/spring-plugin-core-1.2.0.RELEASE.jar:/Users/bambook/.m2/repository/org/springframework/plugin/spring-plugin-metadata/1.2.0.RELEASE/spring-plugin-metadata-1.2.0.RELEASE.jar:/Users/bambook/.m2/repository/org/springframework/boot/spring-boot-starter-validation/3.1.1/spring-boot-starter-validation-3.1.1.jar:/Users/bambook/.m2/repository/org/apache/tomcat/embed/tomcat-embed-el/10.1.10/tomcat-embed-el-10.1.10.jar:/Users/bambook/.m2/repository/org/hibernate/validator/hibernate-validator/8.0.0.Final/hibernate-validator-8.0.0.Final.jar:/Users/bambook/.m2/repository/jakarta/validation/jakarta.validation-api/3.0.2/jakarta.validation-api-3.0.2.jar:/Users/bambook/.m2/repository/io/springfox/springfox-swagger-ui/2.4.0/springfox-swagger-ui-2.4.0.jar:/Users/bambook/.m2/repository/org/flywaydb/flyway-core/9.16.3/flyway-core-9.16.3.jar:/Users/bambook/.m2/repository/com/fasterxml/jackson/dataformat/jackson-dataformat-toml/2.15.2/jackson-dataformat-toml-2.15.2.jar:/Users/bambook/.m2/repository/org/apache/commons/commons-text/1.10.0/commons-text-1.10.0.jar:/Users/bambook/.m2/repository/org/apache/commons/commons-lang3/3.12.0/commons-lang3-3.12.0.jar:/Users/bambook/.m2/repository/org/postgresql/postgresql/42.6.0/postgresql-42.6.0.jar:/Users/bambook/.m2/repository/org/checkerframework/checker-qual/3.31.0/checker-qual-3.31.0.jar:/Users/bambook/.m2/repository/org/projectlombok/lombok/1.18.28/lombok-1.18.28.jar:/Users/bambook/.m2/repository/org/springframework/boot/spring-boot-starter-test/3.1.1/spring-boot-starter-test-3.1.1.jar:/Users/bambook/.m2/repository/org/springframework/boot/spring-boot-test/3.1.1/spring-boot-test-3.1.1.jar:/Users/bambook/.m2/repository/org/springframework/boot/spring-boot-test-autoconfigure/3.1.1/spring-boot-test-autoconfigure-3.1.1.jar:/Users/bambook/.m2/repository/com/jayway/jsonpath/json-path/2.8.0/json-path-2.8.0.jar:/Users/bambook/.m2/repository/jakarta/xml/bind/jakarta.xml.bind-api/4.0.0/jakarta.xml.bind-api-4.0.0.jar:/Users/bambook/.m2/repository/jakarta/activation/jakarta.activation-api/2.1.2/jakarta.activation-api-2.1.2.jar:/Users/bambook/.m2/repository/net/minidev/json-smart/2.4.11/json-smart-2.4.11.jar:/Users/bambook/.m2/repository/net/minidev/accessors-smart/2.4.11/accessors-smart-2.4.11.jar:/Users/bambook/.m2/repository/org/ow2/asm/asm/9.3/asm-9.3.jar:/Users/bambook/.m2/repository/org/assertj/assertj-core/3.24.2/assertj-core-3.24.2.jar:/Users/bambook/.m2/repository/org/hamcrest/hamcrest/2.2/hamcrest-2.2.jar:/Users/bambook/.m2/repository/org/junit/jupiter/junit-jupiter/5.9.3/junit-jupiter-5.9.3.jar:/Users/bambook/.m2/repository/org/junit/jupiter/junit-jupiter-api/5.9.3/junit-jupiter-api-5.9.3.jar:/Users/bambook/.m2/repository/org/opentest4j/opentest4j/1.2.0/opentest4j-1.2.0.jar:/Users/bambook/.m2/repository/org/junit/platform/junit-platform-commons/1.9.3/junit-platform-commons-1.9.3.jar:/Users/bambook/.m2/repository/org/apiguardian/apiguardian-api/1.1.2/apiguardian-api-1.1.2.jar:/Users/bambook/.m2/repository/org/junit/jupiter/junit-jupiter-params/5.9.3/junit-jupiter-params-5.9.3.jar:/Users/bambook/.m2/repository/org/junit/jupiter/junit-jupiter-engine/5.9.3/junit-jupiter-engine-5.9.3.jar:/Users/bambook/.m2/repository/org/junit/platform/junit-platform-engine/1.9.3/junit-platform-engine-1.9.3.jar:/Users/bambook/.m2/repository/org/mockito/mockito-core/5.3.1/mockito-core-5.3.1.jar:/Users/bambook/.m2/repository/net/bytebuddy/byte-buddy-agent/1.14.5/byte-buddy-agent-1.14.5.jar:/Users/bambook/.m2/repository/org/objenesis/objenesis/3.3/objenesis-3.3.jar:/Users/bambook/.m2/repository/org/mockito/mockito-junit-jupiter/5.3.1/mockito-junit-jupiter-5.3.1.jar:/Users/bambook/.m2/repository/org/skyscreamer/jsonassert/1.5.1/jsonassert-1.5.1.jar:/Users/bambook/.m2/repository/com/vaadin/external/google/android-json/0.0.20131108.vaadin1/android-json-0.0.20131108.vaadin1.jar:/Users/bambook/.m2/repository/org/xmlunit/xmlunit-core/2.9.1/xmlunit-core-2.9.1.jar:/Users/bambook/.m2/repository/org/hibernate/orm/hibernate-core/6.2.5.Final/hibernate-core-6.2.5.Final.jar:/Users/bambook/.m2/repository/jakarta/persistence/jakarta.persistence-api/3.1.0/jakarta.persistence-api-3.1.0.jar:/Users/bambook/.m2/repository/jakarta/transaction/jakarta.transaction-api/2.0.1/jakarta.transaction-api-2.0.1.jar:/Users/bambook/.m2/repository/org/jboss/logging/jboss-logging/3.5.1.Final/jboss-logging-3.5.1.Final.jar:/Users/bambook/.m2/repository/org/hibernate/common/hibernate-commons-annotations/6.0.6.Final/hibernate-commons-annotations-6.0.6.Final.jar:/Users/bambook/.m2/repository/io/smallrye/jandex/3.0.5/jandex-3.0.5.jar:/Users/bambook/.m2/repository/net/bytebuddy/byte-buddy/1.14.5/byte-buddy-1.14.5.jar:/Users/bambook/.m2/repository/org/glassfish/jaxb/jaxb-runtime/4.0.3/jaxb-runtime-4.0.3.jar:/Users/bambook/.m2/repository/org/glassfish/jaxb/jaxb-core/4.0.3/jaxb-core-4.0.3.jar:/Users/bambook/.m2/repository/org/glassfish/jaxb/txw2/4.0.3/txw2-4.0.3.jar:/Users/bambook/.m2/repository/com/sun/istack/istack-commons-runtime/4.1.2/istack-commons-runtime-4.1.2.jar:/Users/bambook/.m2/repository/jakarta/inject/jakarta.inject-api/2.0.1/jakarta.inject-api-2.0.1.jar:/Users/bambook/.m2/repository/org/antlr/antlr4-runtime/4.10.1/antlr4-runtime-4.10.1.jar:/Users/bambook/.m2/repository/org/springdoc/springdoc-openapi-starter-webmvc-ui/2.0.2/springdoc-openapi-starter-webmvc-ui-2.0.2.jar:/Users/bambook/.m2/repository/org/springdoc/springdoc-openapi-starter-webmvc-api/2.0.2/springdoc-openapi-starter-webmvc-api-2.0.2.jar:/Users/bambook/.m2/repository/org/springdoc/springdoc-openapi-starter-common/2.0.2/springdoc-openapi-starter-common-2.0.2.jar:/Users/bambook/.m2/repository/io/swagger/core/v3/swagger-core-jakarta/2.2.7/swagger-core-jakarta-2.2.7.jar:/Users/bambook/.m2/repository/io/swagger/core/v3/swagger-annotations-jakarta/2.2.7/swagger-annotations-jakarta-2.2.7.jar:/Users/bambook/.m2/repository/io/swagger/core/v3/swagger-models-jakarta/2.2.7/swagger-models-jakarta-2.2.7.jar:/Users/bambook/.m2/repository/com/fasterxml/jackson/dataformat/jackson-dataformat-yaml/2.15.2/jackson-dataformat-yaml-2.15.2.jar:/Users/bambook/.m2/repository/org/webjars/swagger-ui/4.15.5/swagger-ui-4.15.5.jar:/Users/bambook/.m2/repository/org/webjars/webjars-locator-core/0.52/webjars-locator-core-0.52.jar:/Users/bambook/.m2/repository/io/github/classgraph/classgraph/4.8.149/classgraph-4.8.149.jar:/Users/bambook/.m2/repository/org/springframework/boot/spring-boot-starter-mail/3.1.1/spring-boot-starter-mail-3.1.1.jar:/Users/bambook/.m2/repository/org/springframework/spring-context-support/6.0.10/spring-context-support-6.0.10.jar:/Users/bambook/.m2/repository/org/eclipse/angus/jakarta.mail/1.1.0/jakarta.mail-1.1.0.jar:/Users/bambook/.m2/repository/org/eclipse/angus/angus-activation/2.0.1/angus-activation-2.0.1.jar:/Users/bambook/.m2/repository/javax/mail/mail/1.5.0-b01/mail-1.5.0-b01.jar:/Users/bambook/.m2/repository/javax/activation/activation/1.1/activation-1.1.jar:"/>
    <property name="java.vm.vendor" value="Amazon.com Inc."/>
    <property name="sun.arch.data.model" value="64"/>
    <property name="java.vendor.url" value="https://aws.amazon.com/corretto/"/>
    <property name="user.timezone" value="Asia/Bishkek"/>
    <property name="org.jboss.logging.provider" value="slf4j"/>
    <property name="os.name" value="Mac OS X"/>
    <property name="java.vm.specification.version" value="17"/>
    <property name="sun.java.launcher" value="SUN_STANDARD"/>
    <property name="user.country" value="KG"/>
    <property name="sun.boot.library.path" value="/Users/bambook/Library/Java/JavaVirtualMachines/corretto-17.0.7/Contents/Home/lib"/>
    <property name="sun.java.command" value="/Users/bambook/Desktop/deploy/hr_system_back/target/surefire/surefirebooter-20230811151333272_3.jar /Users/bambook/Desktop/deploy/hr_system_back/target/surefire 2023-08-11T15-13-33_163-jvmRun1 surefire-20230811151333272_1tmp surefire_0-20230811151333272_2tmp"/>
    <property name="http.nonProxyHosts" value="local|*.local|169.254/16|*.169.254/16"/>
    <property name="jdk.debug" value="release"/>
    <property name="surefire.test.class.path" value="/Users/bambook/Desktop/deploy/hr_system_back/target/test-classes:/Users/bambook/Desktop/deploy/hr_system_back/target/classes:/Users/bambook/.m2/repository/com/amazonaws/aws-java-sdk-s3/1.12.517/aws-java-sdk-s3-1.12.517.jar:/Users/bambook/.m2/repository/com/amazonaws/aws-java-sdk-kms/1.12.517/aws-java-sdk-kms-1.12.517.jar:/Users/bambook/.m2/repository/com/amazonaws/jmespath-java/1.12.517/jmespath-java-1.12.517.jar:/Users/bambook/.m2/repository/com/amazonaws/aws-java-sdk-core/1.12.518/aws-java-sdk-core-1.12.518.jar:/Users/bambook/.m2/repository/commons-logging/commons-logging/1.1.3/commons-logging-1.1.3.jar:/Users/bambook/.m2/repository/commons-codec/commons-codec/1.15/commons-codec-1.15.jar:/Users/bambook/.m2/repository/org/apache/httpcomponents/httpclient/4.5.13/httpclient-4.5.13.jar:/Users/bambook/.m2/repository/org/apache/httpcomponents/httpcore/4.4.16/httpcore-4.4.16.jar:/Users/bambook/.m2/repository/software/amazon/ion/ion-java/1.0.2/ion-java-1.0.2.jar:/Users/bambook/.m2/repository/com/fasterxml/jackson/core/jackson-databind/2.15.2/jackson-databind-2.15.2.jar:/Users/bambook/.m2/repository/com/fasterxml/jackson/core/jackson-annotations/2.15.2/jackson-annotations-2.15.2.jar:/Users/bambook/.m2/repository/com/fasterxml/jackson/core/jackson-core/2.15.2/jackson-core-2.15.2.jar:/Users/bambook/.m2/repository/com/fasterxml/jackson/dataformat/jackson-dataformat-cbor/2.15.2/jackson-dataformat-cbor-2.15.2.jar:/Users/bambook/.m2/repository/joda-time/joda-time/2.8.1/joda-time-2.8.1.jar:/Users/bambook/.m2/repository/software/amazon/awssdk/s3/2.16.42/s3-2.16.42.jar:/Users/bambook/.m2/repository/software/amazon/awssdk/aws-xml-protocol/2.16.42/aws-xml-protocol-2.16.42.jar:/Users/bambook/.m2/repository/software/amazon/awssdk/aws-query-protocol/2.16.42/aws-query-protocol-2.16.42.jar:/Users/bambook/.m2/repository/software/amazon/awssdk/protocol-core/2.16.42/protocol-core-2.16.42.jar:/Users/bambook/.m2/repository/software/amazon/awssdk/arns/2.16.42/arns-2.16.42.jar:/Users/bambook/.m2/repository/software/amazon/awssdk/profiles/2.16.42/profiles-2.16.42.jar:/Users/bambook/.m2/repository/software/amazon/awssdk/sdk-core/2.16.42/sdk-core-2.16.42.jar:/Users/bambook/.m2/repository/org/reactivestreams/reactive-streams/1.0.4/reactive-streams-1.0.4.jar:/Users/bambook/.m2/repository/software/amazon/awssdk/auth/2.16.42/auth-2.16.42.jar:/Users/bambook/.m2/repository/software/amazon/eventstream/eventstream/1.0.1/eventstream-1.0.1.jar:/Users/bambook/.m2/repository/software/amazon/awssdk/http-client-spi/2.16.42/http-client-spi-2.16.42.jar:/Users/bambook/.m2/repository/software/amazon/awssdk/regions/2.16.42/regions-2.16.42.jar:/Users/bambook/.m2/repository/software/amazon/awssdk/annotations/2.16.42/annotations-2.16.42.jar:/Users/bambook/.m2/repository/software/amazon/awssdk/utils/2.16.42/utils-2.16.42.jar:/Users/bambook/.m2/repository/software/amazon/awssdk/aws-core/2.16.42/aws-core-2.16.42.jar:/Users/bambook/.m2/repository/software/amazon/awssdk/metrics-spi/2.16.42/metrics-spi-2.16.42.jar:/Users/bambook/.m2/repository/software/amazon/awssdk/apache-client/2.16.42/apache-client-2.16.42.jar:/Users/bambook/.m2/repository/software/amazon/awssdk/netty-nio-client/2.16.42/netty-nio-client-2.16.42.jar:/Users/bambook/.m2/repository/io/netty/netty-codec-http/4.1.94.Final/netty-codec-http-4.1.94.Final.jar:/Users/bambook/.m2/repository/io/netty/netty-codec-http2/4.1.94.Final/netty-codec-http2-4.1.94.Final.jar:/Users/bambook/.m2/repository/io/netty/netty-codec/4.1.94.Final/netty-codec-4.1.94.Final.jar:/Users/bambook/.m2/repository/io/netty/netty-transport/4.1.94.Final/netty-transport-4.1.94.Final.jar:/Users/bambook/.m2/repository/io/netty/netty-resolver/4.1.94.Final/netty-resolver-4.1.94.Final.jar:/Users/bambook/.m2/repository/io/netty/netty-common/4.1.94.Final/netty-common-4.1.94.Final.jar:/Users/bambook/.m2/repository/io/netty/netty-buffer/4.1.94.Final/netty-buffer-4.1.94.Final.jar:/Users/bambook/.m2/repository/io/netty/netty-handler/4.1.94.Final/netty-handler-4.1.94.Final.jar:/Users/bambook/.m2/repository/io/netty/netty-transport-native-unix-common/4.1.94.Final/netty-transport-native-unix-common-4.1.94.Final.jar:/Users/bambook/.m2/repository/io/netty/netty-transport-native-epoll/4.1.94.Final/netty-transport-native-epoll-4.1.94.Final-linux-x86_64.jar:/Users/bambook/.m2/repository/io/netty/netty-transport-classes-epoll/4.1.94.Final/netty-transport-classes-epoll-4.1.94.Final.jar:/Users/bambook/.m2/repository/com/typesafe/netty/netty-reactive-streams-http/2.0.4/netty-reactive-streams-http-2.0.4.jar:/Users/bambook/.m2/repository/com/typesafe/netty/netty-reactive-streams/2.0.4/netty-reactive-streams-2.0.4.jar:/Users/bambook/.m2/repository/org/springframework/boot/spring-boot-starter-security/3.1.1/spring-boot-starter-security-3.1.1.jar:/Users/bambook/.m2/repository/org/springframework/boot/spring-boot-starter/3.1.1/spring-boot-starter-3.1.1.jar:/Users/bambook/.m2/repository/org/springframework/boot/spring-boot/3.1.1/spring-boot-3.1.1.jar:/Users/bambook/.m2/repository/org/springframework/boot/spring-boot-autoconfigure/3.1.1/spring-boot-autoconfigure-3.1.1.jar:/Users/bambook/.m2/repository/org/springframework/boot/spring-boot-starter-logging/3.1.1/spring-boot-starter-logging-3.1.1.jar:/Users/bambook/.m2/repository/ch/qos/logback/logback-classic/1.4.8/logback-classic-1.4.8.jar:/Users/bambook/.m2/repository/ch/qos/logback/logback-core/1.4.8/logback-core-1.4.8.jar:/Users/bambook/.m2/repository/org/apache/logging/log4j/log4j-to-slf4j/2.20.0/log4j-to-slf4j-2.20.0.jar:/Users/bambook/.m2/repository/org/apache/logging/log4j/log4j-api/2.20.0/log4j-api-2.20.0.jar:/Users/bambook/.m2/repository/org/slf4j/jul-to-slf4j/2.0.7/jul-to-slf4j-2.0.7.jar:/Users/bambook/.m2/repository/jakarta/annotation/jakarta.annotation-api/2.1.1/jakarta.annotation-api-2.1.1.jar:/Users/bambook/.m2/repository/org/yaml/snakeyaml/1.33/snakeyaml-1.33.jar:/Users/bambook/.m2/repository/org/springframework/spring-aop/6.0.10/spring-aop-6.0.10.jar:/Users/bambook/.m2/repository/org/springframework/spring-beans/6.0.10/spring-beans-6.0.10.jar:/Users/bambook/.m2/repository/org/springframework/security/spring-security-config/6.1.1/spring-security-config-6.1.1.jar:/Users/bambook/.m2/repository/org/springframework/spring-context/6.0.10/spring-context-6.0.10.jar:/Users/bambook/.m2/repository/org/springframework/security/spring-security-web/6.1.1/spring-security-web-6.1.1.jar:/Users/bambook/.m2/repository/org/springframework/spring-expression/6.0.10/spring-expression-6.0.10.jar:/Users/bambook/.m2/repository/org/springframework/security/spring-security-test/6.1.1/spring-security-test-6.1.1.jar:/Users/bambook/.m2/repository/org/springframework/security/spring-security-core/6.1.1/spring-security-core-6.1.1.jar:/Users/bambook/.m2/repository/org/springframework/security/spring-security-crypto/6.1.1/spring-security-crypto-6.1.1.jar:/Users/bambook/.m2/repository/io/micrometer/micrometer-observation/1.11.1/micrometer-observation-1.11.1.jar:/Users/bambook/.m2/repository/io/micrometer/micrometer-commons/1.11.1/micrometer-commons-1.11.1.jar:/Users/bambook/.m2/repository/org/springframework/spring-core/6.0.10/spring-core-6.0.10.jar:/Users/bambook/.m2/repository/org/springframework/spring-jcl/6.0.10/spring-jcl-6.0.10.jar:/Users/bambook/.m2/repository/org/springframework/spring-test/6.0.10/spring-test-6.0.10.jar:/Users/bambook/.m2/repository/org/springframework/boot/spring-boot-starter-oauth2-client/3.1.1/spring-boot-starter-oauth2-client-3.1.1.jar:/Users/bambook/.m2/repository/org/springframework/security/spring-security-oauth2-client/6.1.1/spring-security-oauth2-client-6.1.1.jar:/Users/bambook/.m2/repository/org/springframework/security/spring-security-oauth2-core/6.1.1/spring-security-oauth2-core-6.1.1.jar:/Users/bambook/.m2/repository/com/nimbusds/oauth2-oidc-sdk/9.43.3/oauth2-oidc-sdk-9.43.3.jar:/Users/bambook/.m2/repository/com/github/stephenc/jcip/jcip-annotations/1.0-1/jcip-annotations-1.0-1.jar:/Users/bambook/.m2/repository/com/nimbusds/content-type/2.2/content-type-2.2.jar:/Users/bambook/.m2/repository/com/nimbusds/lang-tag/1.7/lang-tag-1.7.jar:/Users/bambook/.m2/repository/org/springframework/security/spring-security-oauth2-jose/6.1.1/spring-security-oauth2-jose-6.1.1.jar:/Users/bambook/.m2/repository/com/nimbusds/nimbus-jose-jwt/9.31/nimbus-jose-jwt-9.31.jar:/Users/bambook/.m2/repository/org/springframework/boot/spring-boot-starter-oauth2-resource-server/3.1.1/spring-boot-starter-oauth2-resource-server-3.1.1.jar:/Users/bambook/.m2/repository/org/springframework/security/spring-security-oauth2-resource-server/6.1.1/spring-security-oauth2-resource-server-6.1.1.jar:/Users/bambook/.m2/repository/io/jsonwebtoken/jjwt-api/0.11.5/jjwt-api-0.11.5.jar:/Users/bambook/.m2/repository/io/jsonwebtoken/jjwt-impl/0.11.5/jjwt-impl-0.11.5.jar:/Users/bambook/.m2/repository/io/jsonwebtoken/jjwt-jackson/0.11.5/jjwt-jackson-0.11.5.jar:/Users/bambook/.m2/repository/org/springframework/boot/spring-boot-starter-data-jpa/3.1.1/spring-boot-starter-data-jpa-3.1.1.jar:/Users/bambook/.m2/repository/org/springframework/boot/spring-boot-starter-aop/3.1.1/spring-boot-starter-aop-3.1.1.jar:/Users/bambook/.m2/repository/org/aspectj/aspectjweaver/1.9.19/aspectjweaver-1.9.19.jar:/Users/bambook/.m2/repository/org/springframework/boot/spring-boot-starter-jdbc/3.1.1/spring-boot-starter-jdbc-3.1.1.jar:/Users/bambook/.m2/repository/com/zaxxer/HikariCP/5.0.1/HikariCP-5.0.1.jar:/Users/bambook/.m2/repository/org/springframework/spring-jdbc/6.0.10/spring-jdbc-6.0.10.jar:/Users/bambook/.m2/repository/org/springframework/data/spring-data-jpa/3.1.1/spring-data-jpa-3.1.1.jar:/Users/bambook/.m2/repository/org/springframework/data/spring-data-commons/3.1.1/spring-data-commons-3.1.1.jar:/Users/bambook/.m2/repository/org/springframework/spring-orm/6.0.10/spring-orm-6.0.10.jar:/Users/bambook/.m2/repository/org/springframework/spring-tx/6.0.10/spring-tx-6.0.10.jar:/Users/bambook/.m2/repository/org/springframework/spring-aspects/6.0.10/spring-aspects-6.0.10.jar:/Users/bambook/.m2/repository/org/springframework/boot/spring-boot-starter-web/3.1.1/spring-boot-starter-web-3.1.1.jar:/Users/bambook/.m2/repository/org/springframework/boot/spring-boot-starter-json/3.1.1/spring-boot-starter-json-3.1.1.jar:/Users/bambook/.m2/repository/com/fasterxml/jackson/datatype/jackson-datatype-jdk8/2.15.2/jackson-datatype-jdk8-2.15.2.jar:/Users/bambook/.m2/repository/com/fasterxml/jackson/datatype/jackson-datatype-jsr310/2.15.2/jackson-datatype-jsr310-2.15.2.jar:/Users/bambook/.m2/repository/com/fasterxml/jackson/module/jackson-module-parameter-names/2.15.2/jackson-module-parameter-names-2.15.2.jar:/Users/bambook/.m2/repository/org/springframework/boot/spring-boot-starter-tomcat/3.1.1/spring-boot-starter-tomcat-3.1.1.jar:/Users/bambook/.m2/repository/org/apache/tomcat/embed/tomcat-embed-core/10.1.10/tomcat-embed-core-10.1.10.jar:/Users/bambook/.m2/repository/org/apache/tomcat/embed/tomcat-embed-websocket/10.1.10/tomcat-embed-websocket-10.1.10.jar:/Users/bambook/.m2/repository/org/springframework/spring-web/6.0.10/spring-web-6.0.10.jar:/Users/bambook/.m2/repository/org/springframework/spring-webmvc/6.0.10/spring-webmvc-6.0.10.jar:/Users/bambook/.m2/repository/io/springfox/springfox-swagger2/2.4.0/springfox-swagger2-2.4.0.jar:/Users/bambook/.m2/repository/io/swagger/swagger-annotations/1.5.6/swagger-annotations-1.5.6.jar:/Users/bambook/.m2/repository/io/swagger/swagger-models/1.5.6/swagger-models-1.5.6.jar:/Users/bambook/.m2/repository/io/springfox/springfox-spi/2.4.0/springfox-spi-2.4.0.jar:/Users/bambook/.m2/repository/io/springfox/springfox-core/2.4.0/springfox-core-2.4.0.jar:/Users/bambook/.m2/repository/io/springfox/springfox-schema/2.4.0/springfox-schema-2.4.0.jar:/Users/bambook/.m2/repository/io/springfox/springfox-swagger-common/2.4.0/springfox-swagger-common-2.4.0.jar:/Users/bambook/.m2/repository/io/springfox/springfox-spring-web/2.4.0/springfox-spring-web-2.4.0.jar:/Users/bambook/.m2/repository/com/google/guava/guava/18.0/guava-18.0.jar:/Users/bambook/.m2/repository/com/fasterxml/classmate/1.5.1/classmate-1.5.1.jar:/Users/bambook/.m2/repository/org/slf4j/slf4j-api/2.0.7/slf4j-api-2.0.7.jar:/Users/bambook/.m2/repository/org/springframework/plugin/spring-plugin-core/1.2.0.RELEASE/spring-plugin-core-1.2.0.RELEASE.jar:/Users/bambook/.m2/repository/org/springframework/plugin/spring-plugin-metadata/1.2.0.RELEASE/spring-plugin-metadata-1.2.0.RELEASE.jar:/Users/bambook/.m2/repository/org/springframework/boot/spring-boot-starter-validation/3.1.1/spring-boot-starter-validation-3.1.1.jar:/Users/bambook/.m2/repository/org/apache/tomcat/embed/tomcat-embed-el/10.1.10/tomcat-embed-el-10.1.10.jar:/Users/bambook/.m2/repository/org/hibernate/validator/hibernate-validator/8.0.0.Final/hibernate-validator-8.0.0.Final.jar:/Users/bambook/.m2/repository/jakarta/validation/jakarta.validation-api/3.0.2/jakarta.validation-api-3.0.2.jar:/Users/bambook/.m2/repository/io/springfox/springfox-swagger-ui/2.4.0/springfox-swagger-ui-2.4.0.jar:/Users/bambook/.m2/repository/org/flywaydb/flyway-core/9.16.3/flyway-core-9.16.3.jar:/Users/bambook/.m2/repository/com/fasterxml/jackson/dataformat/jackson-dataformat-toml/2.15.2/jackson-dataformat-toml-2.15.2.jar:/Users/bambook/.m2/repository/org/apache/commons/commons-text/1.10.0/commons-text-1.10.0.jar:/Users/bambook/.m2/repository/org/apache/commons/commons-lang3/3.12.0/commons-lang3-3.12.0.jar:/Users/bambook/.m2/repository/org/postgresql/postgresql/42.6.0/postgresql-42.6.0.jar:/Users/bambook/.m2/repository/org/checkerframework/checker-qual/3.31.0/checker-qual-3.31.0.jar:/Users/bambook/.m2/repository/org/projectlombok/lombok/1.18.28/lombok-1.18.28.jar:/Users/bambook/.m2/repository/org/springframework/boot/spring-boot-starter-test/3.1.1/spring-boot-starter-test-3.1.1.jar:/Users/bambook/.m2/repository/org/springframework/boot/spring-boot-test/3.1.1/spring-boot-test-3.1.1.jar:/Users/bambook/.m2/repository/org/springframework/boot/spring-boot-test-autoconfigure/3.1.1/spring-boot-test-autoconfigure-3.1.1.jar:/Users/bambook/.m2/repository/com/jayway/jsonpath/json-path/2.8.0/json-path-2.8.0.jar:/Users/bambook/.m2/repository/jakarta/xml/bind/jakarta.xml.bind-api/4.0.0/jakarta.xml.bind-api-4.0.0.jar:/Users/bambook/.m2/repository/jakarta/activation/jakarta.activation-api/2.1.2/jakarta.activation-api-2.1.2.jar:/Users/bambook/.m2/repository/net/minidev/json-smart/2.4.11/json-smart-2.4.11.jar:/Users/bambook/.m2/repository/net/minidev/accessors-smart/2.4.11/accessors-smart-2.4.11.jar:/Users/bambook/.m2/repository/org/ow2/asm/asm/9.3/asm-9.3.jar:/Users/bambook/.m2/repository/org/assertj/assertj-core/3.24.2/assertj-core-3.24.2.jar:/Users/bambook/.m2/repository/org/hamcrest/hamcrest/2.2/hamcrest-2.2.jar:/Users/bambook/.m2/repository/org/junit/jupiter/junit-jupiter/5.9.3/junit-jupiter-5.9.3.jar:/Users/bambook/.m2/repository/org/junit/jupiter/junit-jupiter-api/5.9.3/junit-jupiter-api-5.9.3.jar:/Users/bambook/.m2/repository/org/opentest4j/opentest4j/1.2.0/opentest4j-1.2.0.jar:/Users/bambook/.m2/repository/org/junit/platform/junit-platform-commons/1.9.3/junit-platform-commons-1.9.3.jar:/Users/bambook/.m2/repository/org/apiguardian/apiguardian-api/1.1.2/apiguardian-api-1.1.2.jar:/Users/bambook/.m2/repository/org/junit/jupiter/junit-jupiter-params/5.9.3/junit-jupiter-params-5.9.3.jar:/Users/bambook/.m2/repository/org/junit/jupiter/junit-jupiter-engine/5.9.3/junit-jupiter-engine-5.9.3.jar:/Users/bambook/.m2/repository/org/junit/platform/junit-platform-engine/1.9.3/junit-platform-engine-1.9.3.jar:/Users/bambook/.m2/repository/org/mockito/mockito-core/5.3.1/mockito-core-5.3.1.jar:/Users/bambook/.m2/repository/net/bytebuddy/byte-buddy-agent/1.14.5/byte-buddy-agent-1.14.5.jar:/Users/bambook/.m2/repository/org/objenesis/objenesis/3.3/objenesis-3.3.jar:/Users/bambook/.m2/repository/org/mockito/mockito-junit-jupiter/5.3.1/mockito-junit-jupiter-5.3.1.jar:/Users/bambook/.m2/repository/org/skyscreamer/jsonassert/1.5.1/jsonassert-1.5.1.jar:/Users/bambook/.m2/repository/com/vaadin/external/google/android-json/0.0.20131108.vaadin1/android-json-0.0.20131108.vaadin1.jar:/Users/bambook/.m2/repository/org/xmlunit/xmlunit-core/2.9.1/xmlunit-core-2.9.1.jar:/Users/bambook/.m2/repository/org/hibernate/orm/hibernate-core/6.2.5.Final/hibernate-core-6.2.5.Final.jar:/Users/bambook/.m2/repository/jakarta/persistence/jakarta.persistence-api/3.1.0/jakarta.persistence-api-3.1.0.jar:/Users/bambook/.m2/repository/jakarta/transaction/jakarta.transaction-api/2.0.1/jakarta.transaction-api-2.0.1.jar:/Users/bambook/.m2/repository/org/jboss/logging/jboss-logging/3.5.1.Final/jboss-logging-3.5.1.Final.jar:/Users/bambook/.m2/repository/org/hibernate/common/hibernate-commons-annotations/6.0.6.Final/hibernate-commons-annotations-6.0.6.Final.jar:/Users/bambook/.m2/repository/io/smallrye/jandex/3.0.5/jandex-3.0.5.jar:/Users/bambook/.m2/repository/net/bytebuddy/byte-buddy/1.14.5/byte-buddy-1.14.5.jar:/Users/bambook/.m2/repository/org/glassfish/jaxb/jaxb-runtime/4.0.3/jaxb-runtime-4.0.3.jar:/Users/bambook/.m2/repository/org/glassfish/jaxb/jaxb-core/4.0.3/jaxb-core-4.0.3.jar:/Users/bambook/.m2/repository/org/glassfish/jaxb/txw2/4.0.3/txw2-4.0.3.jar:/Users/bambook/.m2/repository/com/sun/istack/istack-commons-runtime/4.1.2/istack-commons-runtime-4.1.2.jar:/Users/bambook/.m2/repository/jakarta/inject/jakarta.inject-api/2.0.1/jakarta.inject-api-2.0.1.jar:/Users/bambook/.m2/repository/org/antlr/antlr4-runtime/4.10.1/antlr4-runtime-4.10.1.jar:/Users/bambook/.m2/repository/org/springdoc/springdoc-openapi-starter-webmvc-ui/2.0.2/springdoc-openapi-starter-webmvc-ui-2.0.2.jar:/Users/bambook/.m2/repository/org/springdoc/springdoc-openapi-starter-webmvc-api/2.0.2/springdoc-openapi-starter-webmvc-api-2.0.2.jar:/Users/bambook/.m2/repository/org/springdoc/springdoc-openapi-starter-common/2.0.2/springdoc-openapi-starter-common-2.0.2.jar:/Users/bambook/.m2/repository/io/swagger/core/v3/swagger-core-jakarta/2.2.7/swagger-core-jakarta-2.2.7.jar:/Users/bambook/.m2/repository/io/swagger/core/v3/swagger-annotations-jakarta/2.2.7/swagger-annotations-jakarta-2.2.7.jar:/Users/bambook/.m2/repository/io/swagger/core/v3/swagger-models-jakarta/2.2.7/swagger-models-jakarta-2.2.7.jar:/Users/bambook/.m2/repository/com/fasterxml/jackson/dataformat/jackson-dataformat-yaml/2.15.2/jackson-dataformat-yaml-2.15.2.jar:/Users/bambook/.m2/repository/org/webjars/swagger-ui/4.15.5/swagger-ui-4.15.5.jar:/Users/bambook/.m2/repository/org/webjars/webjars-locator-core/0.52/webjars-locator-core-0.52.jar:/Users/bambook/.m2/repository/io/github/classgraph/classgraph/4.8.149/classgraph-4.8.149.jar:/Users/bambook/.m2/repository/org/springframework/boot/spring-boot-starter-mail/3.1.1/spring-boot-starter-mail-3.1.1.jar:/Users/bambook/.m2/repository/org/springframework/spring-context-support/6.0.10/spring-context-support-6.0.10.jar:/Users/bambook/.m2/repository/org/eclipse/angus/jakarta.mail/1.1.0/jakarta.mail-1.1.0.jar:/Users/bambook/.m2/repository/org/eclipse/angus/angus-activation/2.0.1/angus-activation-2.0.1.jar:/Users/bambook/.m2/repository/javax/mail/mail/1.5.0-b01/mail-1.5.0-b01.jar:/Users/bambook/.m2/repository/javax/activation/activation/1.1/activation-1.1.jar:"/>
    <property name="sun.cpu.endian" value="little"/>
    <property name="user.home" value="/Users/bambook"/>
    <property name="user.language" value="en"/>
    <property name="java.specification.vendor" value="Oracle Corporation"/>
    <property name="java.version.date" value="2023-04-18"/>
    <property name="java.home" value="/Users/bambook/Library/Java/JavaVirtualMachines/corretto-17.0.7/Contents/Home"/>
    <property name="file.separator" value="/"/>
    <property name="basedir" value="/Users/bambook/Desktop/deploy/hr_system_back"/>
    <property name="java.vm.compressedOopsMode" value="Zero based"/>
    <property name="line.separator" value="&#10;"/>
    <property name="java.vm.specification.vendor" value="Oracle Corporation"/>
    <property name="java.specification.name" value="Java Platform API Specification"/>
    <property name="FILE_LOG_CHARSET" value="UTF-8"/>
    <property name="java.awt.headless" value="true"/>
    <property name="surefire.real.class.path" value="/Users/bambook/Desktop/deploy/hr_system_back/target/surefire/surefirebooter-20230811151333272_3.jar"/>
    <property name="sun.management.compiler" value="HotSpot 64-Bit Tiered Compilers"/>
    <property name="ftp.nonProxyHosts" value="local|*.local|169.254/16|*.169.254/16"/>
    <property name="java.runtime.version" value="17.0.7+7-LTS"/>
    <property name="user.name" value="bambook"/>
    <property name="path.separator" value=":"/>
    <property name="os.version" value="12.0.1"/>
    <property name="java.runtime.name" value="OpenJDK Runtime Environment"/>
    <property name="file.encoding" value="UTF-8"/>
    <property name="java.vm.name" value="OpenJDK 64-Bit Server VM"/>
    <property name="java.vendor.version" value="Corretto-17.0.7.7.1"/>
    <property name="localRepository" value="/Users/bambook/.m2/repository"/>
    <property name="java.vendor.url.bug" value="https://github.com/corretto/corretto-17/issues/"/>
    <property name="java.io.tmpdir" value="/var/folders/zf/wk7lj9_94bs45p2w60z4x5400000gn/T/"/>
    <property name="idea.version" value="2023.2"/>
    <property name="java.version" value="17.0.7"/>
    <property name="user.dir" value="/Users/bambook/Desktop/deploy/hr_system_back"/>
    <property name="os.arch" value="x86_64"/>
    <property name="java.vm.specification.name" value="Java Virtual Machine Specification"/>
    <property name="PID" value="6560"/>
    <property name="CONSOLE_LOG_CHARSET" value="UTF-8"/>
    <property name="native.encoding" value="UTF-8"/>
    <property name="java.library.path" value="/Users/bambook/Library/Java/Extensions:/Library/Java/Extensions:/Network/Library/Java/Extensions:/System/Library/Java/Extensions:/usr/lib/java:."/>
    <property name="java.vm.info" value="mixed mode, sharing"/>
    <property name="java.vendor" value="Amazon.com Inc."/>
    <property name="java.vm.version" value="17.0.7+7-LTS"/>
    <property name="sun.io.unicode.encoding" value="UnicodeBig"/>
    <property name="socksNonProxyHosts" value="local|*.local|169.254/16|*.169.254/16"/>
    <property name="java.class.version" value="61.0"/>
  </properties>
  <testcase name="contextLoads" classname="com.example.hr_system.HrSystemApplicationTests" time="0.56">
    <system-out><![CDATA[Standard Commons Logging discovery in action with spring-jcl: please remove commons-logging.jar from classpath in order to avoid potential conflicts
15:13:34.327 [main] INFO org.springframework.test.context.support.AnnotationConfigContextLoaderUtils -- Could not detect default configuration classes for test class [com.example.hr_system.HrSystemApplicationTests]: HrSystemApplicationTests does not declare any static, non-private, non-final, nested classes annotated with @Configuration.
15:13:34.476 [main] INFO org.springframework.boot.test.context.SpringBootTestContextBootstrapper -- Found @SpringBootConfiguration com.example.hr_system.HrSystemApplication for test class com.example.hr_system.HrSystemApplicationTests

  .   ____          _            __ _ _
 /\\ / ___'_ __ _ _(_)_ __  __ _ \ \ \ \
( ( )\___ | '_ | '_| | '_ \/ _` | \ \ \ \
 \\/  ___)| |_)| | | | | || (_| |  ) ) ) )
  '  |____| .__|_| |_|_| |_\__, | / / / /
 =========|_|==============|___/=/_/_/_/
 :: Spring Boot ::                (v3.1.1)

2023-08-11T15:13:35.007+06:00  INFO 6560 --- [           main] c.e.hr_system.HrSystemApplicationTests   : Starting HrSystemApplicationTests using Java 17.0.7 with PID 6560 (started by bambook in /Users/bambook/Desktop/deploy/hr_system_back)
2023-08-11T15:13:35.010+06:00  INFO 6560 --- [           main] c.e.hr_system.HrSystemApplicationTests   : No active profile set, falling back to 1 default profile: "default"
2023-08-11T15:13:36.217+06:00  INFO 6560 --- [           main] .s.d.r.c.RepositoryConfigurationDelegate : Bootstrapping Spring Data JPA repositories in DEFAULT mode.
2023-08-11T15:13:36.360+06:00  INFO 6560 --- [           main] .s.d.r.c.RepositoryConfigurationDelegate : Finished Spring Data repository scanning in 134 ms. Found 12 JPA repository interfaces.
2023-08-11T15:13:37.160+06:00  INFO 6560 --- [           main] o.f.c.internal.license.VersionPrinter    : Flyway Community Edition 9.16.3 by Redgate
2023-08-11T15:13:37.160+06:00  INFO 6560 --- [           main] o.f.c.internal.license.VersionPrinter    : See release notes here: https://rd.gt/416ObMi
2023-08-11T15:13:37.160+06:00  INFO 6560 --- [           main] o.f.c.internal.license.VersionPrinter    : 
2023-08-11T15:13:37.171+06:00  INFO 6560 --- [           main] com.zaxxer.hikari.HikariDataSource       : postgres - Starting...
2023-08-11T15:13:37.480+06:00  INFO 6560 --- [           main] com.zaxxer.hikari.pool.HikariPool        : postgres - Added connection org.postgresql.jdbc.PgConnection@3de79067
2023-08-11T15:13:37.482+06:00  INFO 6560 --- [           main] com.zaxxer.hikari.HikariDataSource       : postgres - Start completed.
2023-08-11T15:13:37.502+06:00  INFO 6560 --- [           main] o.f.c.i.database.base.BaseDatabaseType   : Database: jdbc:postgresql://localhost:5432/hr_system (PostgreSQL 15.3)
2023-08-11T15:13:37.543+06:00  INFO 6560 --- [           main] o.f.core.internal.command.DbValidate     : Successfully validated 33 migrations (execution time 00:00.021s)
2023-08-11T15:13:37.603+06:00  INFO 6560 --- [           main] o.f.core.internal.command.DbMigrate      : Current version of schema "public": 32
2023-08-11T15:13:37.604+06:00 ERROR 6560 --- [           main] o.f.core.internal.command.DbMigrate      : Schema "public" has version 32, but no migration could be resolved in the configured locations !
2023-08-11T15:13:37.604+06:00  INFO 6560 --- [           main] o.f.core.internal.command.DbMigrate      : Schema "public" is up to date. No migration necessary.
2023-08-11T15:13:37.724+06:00  INFO 6560 --- [           main] o.hibernate.jpa.internal.util.LogHelper  : HHH000204: Processing PersistenceUnitInfo [name: default]
2023-08-11T15:13:37.791+06:00  INFO 6560 --- [           main] org.hibernate.Version                    : HHH000412: Hibernate ORM core version 6.2.5.Final
2023-08-11T15:13:37.795+06:00  INFO 6560 --- [           main] org.hibernate.cfg.Environment            : HHH000406: Using bytecode reflection optimizer
2023-08-11T15:13:37.984+06:00  INFO 6560 --- [           main] o.h.b.i.BytecodeProviderInitiator        : HHH000021: Bytecode provider name : bytebuddy
2023-08-11T15:13:38.144+06:00  INFO 6560 --- [           main] o.s.o.j.p.SpringPersistenceUnitInfo      : No LoadTimeWeaver setup: ignoring JPA class transformer
2023-08-11T15:13:38.600+06:00  INFO 6560 --- [           main] o.h.b.i.BytecodeProviderInitiator        : HHH000021: Bytecode provider name : bytebuddy
2023-08-11T15:13:39.753+06:00  INFO 6560 --- [           main] o.h.e.t.j.p.i.JtaPlatformInitiator       : HHH000490: Using JtaPlatform implementation: [org.hibernate.engine.transaction.jta.platform.internal.NoJtaPlatform]
Hibernate: alter table if exists categories_vacancies drop constraint if exists FKvvmk0brsaqyoek0abib74xic
Hibernate: alter table if exists categories_vacancies drop constraint if exists FKe6ctc5s7k20pugqu4uf4evrqu
Hibernate: alter table if exists employer drop constraint if exists FK158jc9a0inkmw2dytohqw5tia
Hibernate: alter table if exists employer_favorites drop constraint if exists FK9dy3syjvkojvkex5gfvxrrqjk
Hibernate: alter table if exists employer_favorites drop constraint if exists FKdo81iey0sh0ovscx5h5b4ef5c
Hibernate: alter table if exists job_seeker_table drop constraint if exists FKccskwyyx8lxlm7jitdw3n0mk4
Hibernate: alter table if exists job_seeker_table drop constraint if exists FKjoo09mvqldikrn35lqau03eff
Hibernate: alter table if exists job_seeker_table drop constraint if exists FKs6dexyfft2oi1o1goa0j0pr7h
Hibernate: alter table if exists job_seeker_table_vacancies drop constraint if exists FKm6k1lx1bxj6wy2ktpiet80obf
Hibernate: alter table if exists job_seeker_table_vacancies drop constraint if exists FK44lghaylk6s85kv7u62fk09tu
Hibernate: alter table if exists notification drop constraint if exists FKecvhknu5hyp07f3yh8poq618a
Hibernate: alter table if exists position drop constraint if exists FK5ldqv9mghmop1efnpqdm4j4rh
Hibernate: alter table if exists token drop constraint if exists FKfqwpt67padn81jdnsa5e8qlh6
Hibernate: alter table if exists users_table drop constraint if exists FKsm1hxi4uhbi4v6o6w00fr5opf
Hibernate: alter table if exists users_table drop constraint if exists FKoirnb6ic7xd01mqjhq7gio94i
Hibernate: alter table if exists vacancies drop constraint if exists FKp60ht8jhtjutdgmhs9c6lg4ya
Hibernate: alter table if exists vacancies drop constraint if exists FK2hy77i9hkv6hntcqogfkwadys
Hibernate: alter table if exists vacancies drop constraint if exists FKq070b22i1hcvhgk0wlyvqat8d
Hibernate: alter table if exists vacancies drop constraint if exists FK91glmxi5pf42pf3dxehacwsci
Hibernate: alter table if exists vacancies drop constraint if exists FK4wp7dfvu0l04i8sinprqhofxg
Hibernate: alter table if exists vacancies_job_seekers drop constraint if exists FKgj502hlg7gi1kb86lpsk61erg
Hibernate: alter table if exists vacancies_job_seekers drop constraint if exists FKt6179hiq5n5rm4p57ovgei6wc
Hibernate: drop table if exists categories cascade
Hibernate: drop table if exists categories_vacancies cascade
Hibernate: drop table if exists contact_information cascade
Hibernate: drop table if exists employer cascade
Hibernate: drop table if exists employer_favorites cascade
Hibernate: drop table if exists experience cascade
Hibernate: drop table if exists file_data cascade
Hibernate: drop table if exists job_seeker_table cascade
Hibernate: drop table if exists job_seeker_table_vacancies cascade
Hibernate: drop table if exists notification cascade
Hibernate: drop table if exists position cascade
Hibernate: drop table if exists salaries cascade
Hibernate: drop table if exists token cascade
Hibernate: drop table if exists users_table cascade
Hibernate: drop table if exists vacancies cascade
Hibernate: drop table if exists vacancies_job_seekers cascade
Hibernate: drop sequence if exists token_seq
Hibernate: create sequence token_seq start with 1 increment by 50
Hibernate: create table categories (id bigserial not null, name varchar(255), primary key (id))
Hibernate: create table categories_vacancies (category_id bigint not null, vacancies_id bigint not null unique)
Hibernate: create table contact_information (id bigserial not null, city varchar(255), country varchar(255), street_house varchar(255), primary key (id))
Hibernate: create table employer (id bigserial not null, resume_id bigint unique, about_company varchar(255), address varchar(255), city varchar(255), company_name varchar(255), country varchar(255), email varchar(255), password varchar(255), phone_number varchar(255), primary key (id))
Hibernate: create table employer_favorites (employers_id bigint not null, favorites_id bigint not null)
Hibernate: create table experience (id bigserial not null, name varchar(255), primary key (id))
Hibernate: create table file_data (id bigserial not null, name varchar(255), path varchar(255), type varchar(255), image_data bytea, primary key (id))
Hibernate: create table job_seeker_table (birthday date, education smallint check (education between 0 and 5), graduation_date date, month smallint check (month between 0 and 11), until_now boolean not null, year date, experience_id bigint, id bigserial not null, is_favorite bigint, position_id bigint, resume_id bigint unique, user_application_date timestamp(6), about varchar(255), address varchar(255), city varchar(255), country varchar(255), email varchar(255), firstname varchar(255), institution varchar(255), lastname varchar(255), password varchar(255), phone_number varchar(255), rol varchar(255) check (rol in ('ADMIN','JOB_SEEKER','EMPLOYER')), skills varchar(255), status_of_job_seeker varchar(255) check (status_of_job_seeker in ('NULL','ACCEPT','REJECT','CONSIDERED','AN_INTERVIEW','OFFER')), working_place varchar(255), primary key (id))
Hibernate: create table job_seeker_table_vacancies (job_seeker_id bigint not null, vacancies_id bigint not null)
Hibernate: create table notification (id bigserial not null, user_id bigint, content varchar(255), primary key (id))
Hibernate: create table position (category_id bigint, id bigserial not null, name varchar(255), primary key (id))
Hibernate: create table salaries (salary_sum float(53) not null, salary_type smallint check (salary_type between 0 and 2), valute smallint check (valute between 0 and 5), id bigserial not null, primary key (id))
Hibernate: create table token (expired boolean not null, revoked boolean not null, id bigint not null, user_id bigint, token varchar(255) unique, token_type varchar(255) check (token_type in ('BEARER')), primary key (id))
Hibernate: create table users_table (employer_id bigint unique, id bigserial not null, job_seeker_id bigint unique, email varchar(255), firstname varchar(255), image varchar(255), lastname varchar(255), password varchar(255), role varchar(255) check (role in ('ADMIN','JOB_SEEKER','EMPLOYER')), primary key (id))
Hibernate: create table vacancies (is_response boolean, response integer, contact_information_id bigint unique, creation_date timestamp(6), employer_id bigint, id bigserial not null, position_id bigint, resume_id bigint unique, salary_id bigint unique, about_company varchar(3000), additional_information varchar(255), description varchar(3000), experience varchar(255), industry varchar(255), skills varchar(255), status_of_vacancy varchar(255) check (status_of_vacancy in ('OPEN','ARCHIVE','CLOSED')), type_of_employments varchar(255) check (type_of_employments in ('POLNIY_RABOCHIY_DEN','NEPOLNIY_RABOCHIY_DEYN','UDALENNAYA_RABOTA')), primary key (id))
Hibernate: create table vacancies_job_seekers (job_seekers_id bigint not null, vacancy_id bigint not null)
Hibernate: alter table if exists categories_vacancies add constraint FKvvmk0brsaqyoek0abib74xic foreign key (vacancies_id) references vacancies
Hibernate: alter table if exists categories_vacancies add constraint FKe6ctc5s7k20pugqu4uf4evrqu foreign key (category_id) references categories
Hibernate: alter table if exists employer add constraint FK158jc9a0inkmw2dytohqw5tia foreign key (resume_id) references file_data
Hibernate: alter table if exists employer_favorites add constraint FK9dy3syjvkojvkex5gfvxrrqjk foreign key (favorites_id) references job_seeker_table
Hibernate: alter table if exists employer_favorites add constraint FKdo81iey0sh0ovscx5h5b4ef5c foreign key (employers_id) references employer
Hibernate: alter table if exists job_seeker_table add constraint FKccskwyyx8lxlm7jitdw3n0mk4 foreign key (experience_id) references experience
Hibernate: alter table if exists job_seeker_table add constraint FKjoo09mvqldikrn35lqau03eff foreign key (position_id) references position
Hibernate: alter table if exists job_seeker_table add constraint FKs6dexyfft2oi1o1goa0j0pr7h foreign key (resume_id) references file_data
Hibernate: alter table if exists job_seeker_table_vacancies add constraint FKm6k1lx1bxj6wy2ktpiet80obf foreign key (vacancies_id) references vacancies
Hibernate: alter table if exists job_seeker_table_vacancies add constraint FK44lghaylk6s85kv7u62fk09tu foreign key (job_seeker_id) references job_seeker_table
Hibernate: alter table if exists notification add constraint FKecvhknu5hyp07f3yh8poq618a foreign key (user_id) references users_table
Hibernate: alter table if exists position add constraint FK5ldqv9mghmop1efnpqdm4j4rh foreign key (category_id) references categories
Hibernate: alter table if exists token add constraint FKfqwpt67padn81jdnsa5e8qlh6 foreign key (user_id) references users_table
Hibernate: alter table if exists users_table add constraint FKsm1hxi4uhbi4v6o6w00fr5opf foreign key (employer_id) references employer
Hibernate: alter table if exists users_table add constraint FKoirnb6ic7xd01mqjhq7gio94i foreign key (job_seeker_id) references job_seeker_table
Hibernate: alter table if exists vacancies add constraint FKp60ht8jhtjutdgmhs9c6lg4ya foreign key (contact_information_id) references contact_information
Hibernate: alter table if exists vacancies add constraint FK2hy77i9hkv6hntcqogfkwadys foreign key (employer_id) references employer
Hibernate: alter table if exists vacancies add constraint FKq070b22i1hcvhgk0wlyvqat8d foreign key (position_id) references position
Hibernate: alter table if exists vacancies add constraint FK91glmxi5pf42pf3dxehacwsci foreign key (resume_id) references file_data
Hibernate: alter table if exists vacancies add constraint FK4wp7dfvu0l04i8sinprqhofxg foreign key (salary_id) references salaries
Hibernate: alter table if exists vacancies_job_seekers add constraint FKgj502hlg7gi1kb86lpsk61erg foreign key (job_seekers_id) references job_seeker_table
Hibernate: alter table if exists vacancies_job_seekers add constraint FKt6179hiq5n5rm4p57ovgei6wc foreign key (vacancy_id) references vacancies
2023-08-11T15:13:39.974+06:00  INFO 6560 --- [           main] j.LocalContainerEntityManagerFactoryBean : Initialized JPA EntityManagerFactory for persistence unit 'default'
2023-08-11T15:13:40.476+06:00  INFO 6560 --- [           main] o.s.d.j.r.query.QueryEnhancerFactory     : Hibernate is in classpath; If applicable, HQL parser will be used.
2023-08-11T15:13:42.993+06:00  WARN 6560 --- [           main] JpaBaseConfiguration$JpaWebConfiguration : spring.jpa.open-in-view is enabled by default. Therefore, database queries may be performed during view rendering. Explicitly configure spring.jpa.open-in-view to disable this warning
2023-08-11T15:13:44.259+06:00  INFO 6560 --- [           main] o.s.s.web.DefaultSecurityFilterChain     : Will secure any request with [org.springframework.security.web.session.DisableEncodeUrlFilter@8966f7, org.springframework.security.web.context.request.async.WebAsyncManagerIntegrationFilter@2cf3882d, org.springframework.security.web.context.SecurityContextHolderFilter@25c8d646, org.springframework.security.web.header.HeaderWriterFilter@671f78b4, org.springframework.security.web.authentication.logout.LogoutFilter@6622a1d0, com.example.hr_system.config.JwtAuthenticationFilter$$SpringCGLIB$$0@1234d9f6, org.springframework.security.web.savedrequest.RequestCacheAwareFilter@4782e182, org.springframework.security.web.servletapi.SecurityContextHolderAwareRequestFilter@58c2a890, org.springframework.security.web.authentication.AnonymousAuthenticationFilter@27330f99, org.springframework.security.web.session.SessionManagementFilter@4da6fd47, org.springframework.security.web.access.ExceptionTranslationFilter@78c95c22, org.springframework.security.web.access.intercept.AuthorizationFilter@255130e3]
2023-08-11T15:13:44.745+06:00  INFO 6560 --- [           main] c.e.hr_system.HrSystemApplicationTests   : Started HrSystemApplicationTests in 10.074 seconds (process running for 11.374)
]]></system-out>
  </testcase>
</testsuite>